<?xml version="1.0" encoding="UTF-8"?>
<!-- Generated by org.testng.reporters.JUnitReportReporter -->
<testsuite hostname="Amit-Sandal" failures="0" tests="1" name="com.qa.pages.SearchPage" time="21.736" errors="0" timestamp="2025-01-28T18:06:25 IST" skipped="0">
  <testcase classname="com.qa.pages.SearchPage" name="testSearchFunctionality" time="21.736"/>
  <system-out/>
</testsuite> <!-- com.qa.pages.SearchPage -->
