<?xml version="1.0" encoding="UTF-8"?>
<!-- Generated by org.testng.reporters.JUnitReportReporter -->
<testsuite hostname="Amit-Sandal" failures="0" tests="1" name="com.qa.pages.FindACenterPage" time="37.340" errors="0" timestamp="2025-01-28T18:18:46 IST" skipped="0">
  <testcase classname="com.qa.pages.FindACenterPage" name="findCenterTest" time="37.340"/>
  <system-out/>
</testsuite> <!-- com.qa.pages.FindACenterPage -->
