<?xml version="1.0" encoding="UTF-8"?>
<!-- Generated by org.testng.reporters.JUnitReportReporter -->
<testsuite hostname="Amit-Sandal" failures="0" tests="1" name="com.qa.tests.SearchTest" time="1.876" errors="0" timestamp="2025-01-29T10:11:13 IST" skipped="0">
  <testcase classname="com.qa.tests.SearchTest" name="testSearchFunctionality" time="1.876"/>
  <system-out/>
</testsuite> <!-- com.qa.tests.SearchTest -->
