<?xml version="1.0" encoding="UTF-8"?>
<!-- Generated by org.testng.reporters.JUnitReportReporter -->
<testsuite hostname="Amit-Sandal" failures="0" tests="1" name="com.qa.tests.FindACenterTest" time="25.246" errors="0" timestamp="2025-01-29T10:11:13 IST" skipped="0">
  <testcase classname="com.qa.tests.FindACenterTest" name="verifyFindCenterFunctionality" time="25.246"/>
  <system-out/>
</testsuite> <!-- com.qa.tests.FindACenterTest -->
